0 info it worked if it ends with ok
1 verbose cli [ '/usr/local/bin/node', '/usr/local/bin/npm', 'run', 'gulp' ]
2 info using npm@3.3.10
3 info using node@v5.0.0
4 verbose run-script [ 'pregulp', 'gulp', 'postgulp' ]
5 info lifecycle angular2-seed@1.0.0~pregulp: angular2-seed@1.0.0
6 silly lifecycle angular2-seed@1.0.0~pregulp: no script for pregulp, continuing
7 info lifecycle angular2-seed@1.0.0~gulp: angular2-seed@1.0.0
8 verbose lifecycle angular2-seed@1.0.0~gulp: unsafe-perm in lifecycle true
9 verbose lifecycle angular2-seed@1.0.0~gulp: PATH: /usr/local/lib/node_modules/npm/bin/node-gyp-bin:/Users/feral/Developer/angular2-seed/node_modules/.bin:/usr/local/lib/node_modules/npm/bin/node-gyp-bin:/Users/feral/Developer/angular2-seed/node_modules/.bin:/Library/Frameworks/Python.framework/Versions/3.4/bin:/usr/local/bin:/usr/bin:/bin:/usr/sbin:/sbin:/usr/local/git/bin:/Users/feral/Developer/adt-bundle-mac-x86_64-20130917/sdk/platform-tools:/Users/feral/Developer/adt-bundle-mac-x86_64-20130917/sdk/tools:/Users/feral/Developer/apache-ant-1.9.2/bin
10 verbose lifecycle angular2-seed@1.0.0~gulp: CWD: /Users/feral/Developer/angular2-seed
11 silly lifecycle angular2-seed@1.0.0~gulp: Args: [ '-c', 'gulp' ]
12 silly lifecycle angular2-seed@1.0.0~gulp: Returned: code: 1  signal: null
13 info lifecycle angular2-seed@1.0.0~gulp: Failed to exec gulp script
14 verbose stack Error: angular2-seed@1.0.0 gulp: `gulp`
14 verbose stack Exit status 1
14 verbose stack     at EventEmitter.<anonymous> (/usr/local/lib/node_modules/npm/lib/utils/lifecycle.js:232:16)
14 verbose stack     at emitTwo (events.js:87:13)
14 verbose stack     at EventEmitter.emit (events.js:172:7)
14 verbose stack     at ChildProcess.<anonymous> (/usr/local/lib/node_modules/npm/lib/utils/spawn.js:24:14)
14 verbose stack     at emitTwo (events.js:87:13)
14 verbose stack     at ChildProcess.emit (events.js:172:7)
14 verbose stack     at maybeClose (internal/child_process.js:818:16)
14 verbose stack     at Process.ChildProcess._handle.onexit (internal/child_process.js:211:5)
15 verbose pkgid angular2-seed@1.0.0
16 verbose cwd /Users/feral/Developer/angular2-seed
17 error Darwin 15.5.0
18 error argv "/usr/local/bin/node" "/usr/local/bin/npm" "run" "gulp"
19 error node v5.0.0
20 error npm  v3.3.10
21 error code ELIFECYCLE
22 error angular2-seed@1.0.0 gulp: `gulp`
22 error Exit status 1
23 error Failed at the angular2-seed@1.0.0 gulp script 'gulp'.
23 error Make sure you have the latest version of node.js and npm installed.
23 error If you do, this is most likely a problem with the angular2-seed package,
23 error not with npm itself.
23 error Tell the author that this fails on your system:
23 error     gulp
23 error You can get their info via:
23 error     npm owner ls angular2-seed
23 error There is likely additional logging output above.
24 verbose exit [ 1, true ]
